2026-07-20 23:27:30,440 - INFO - 체크포인트에서 12개 리뷰를 복구했습니다.
2026-07-20 23:27:30,445 - INFO - HTTP 세션을 생성했습니다. backend=curl_cffi
2026-07-20 23:27:30,446 - INFO - 1페이지 요청 1/4: https://letterboxd.com/film/avatar-the-way-of-water/reviews/
2026-07-20 23:27:31,191 - INFO - 1페이지 분석: 요소 12개, 유효 12개, 별점 누락 0개, 날짜 누락 0개, 본문 누락 0개
2026-07-20 23:27:31,207 - INFO - 1페이지에서 12개 추가, 현재 총 24개입니다.
2026-07-20 23:27:35,068 - INFO - 2페이지 요청 1/4: https://letterboxd.com/film/avatar-the-way-of-water/reviews/page/2/
2026-07-20 23:27:35,367 - INFO - 2페이지 분석: 요소 12개, 유효 12개, 별점 누락 0개, 날짜 누락 0개, 본문 누락 0개
2026-07-20 23:27:35,385 - INFO - 2페이지에서 12개 추가, 현재 총 36개입니다.
2026-07-20 23:27:38,142 - INFO - 3페이지 요청 1/4: https://letterboxd.com/film/avatar-the-way-of-water/reviews/page/3/
2026-07-20 23:27:38,395 - INFO - 3페이지 분석: 요소 12개, 유효 12개, 별점 누락 0개, 날짜 누락 0개, 본문 누락 0개
2026-07-20 23:27:38,411 - INFO - 3페이지에서 11개 추가, 현재 총 47개입니다.
2026-07-20 23:27:42,172 - INFO - 4페이지 요청 1/4: https://letterboxd.com/film/avatar-the-way-of-water/reviews/page/4/
2026-07-20 23:27:42,496 - INFO - 4페이지 분석: 요소 12개, 유효 12개, 별점 누락 0개, 날짜 누락 0개, 본문 누락 0개
2026-07-20 23:27:42,513 - INFO - 4페이지에서 12개 추가, 현재 총 59개입니다.
2026-07-20 23:27:46,596 - INFO - 5페이지 요청 1/4: https://letterboxd.com/film/avatar-the-way-of-water/reviews/page/5/
2026-07-20 23:27:46,916 - INFO - 5페이지 분석: 요소 12개, 유효 12개, 별점 누락 0개, 날짜 누락 0개, 본문 누락 0개
2026-07-20 23:27:46,933 - INFO - 5페이지에서 11개 추가, 현재 총 70개입니다.
2026-07-20 23:27:51,409 - INFO - 6페이지 요청 1/4: https://letterboxd.com/film/avatar-the-way-of-water/reviews/page/6/
2026-07-20 23:27:51,682 - INFO - 6페이지 분석: 요소 12개, 유효 12개, 별점 누락 0개, 날짜 누락 0개, 본문 누락 0개
2026-07-20 23:27:51,714 - INFO - 6페이지에서 12개 추가, 현재 총 82개입니다.
2026-07-20 23:27:56,066 - INFO - 7페이지 요청 1/4: https://letterboxd.com/film/avatar-the-way-of-water/reviews/page/7/
2026-07-20 23:27:56,336 - INFO - 7페이지 분석: 요소 12개, 유효 9개, 별점 누락 3개, 날짜 누락 0개, 본문 누락 0개
2026-07-20 23:27:56,352 - INFO - 7페이지에서 9개 추가, 현재 총 91개입니다.
2026-07-20 23:27:58,929 - INFO - 8페이지 요청 1/4: https://letterboxd.com/film/avatar-the-way-of-water/reviews/page/8/
2026-07-20 23:27:59,274 - INFO - 8페이지 분석: 요소 12개, 유효 11개, 별점 누락 1개, 날짜 누락 0개, 본문 누락 0개
2026-07-20 23:27:59,289 - INFO - 8페이지에서 11개 추가, 현재 총 102개입니다.
2026-07-20 23:28:02,825 - INFO - 9페이지 요청 1/4: https://letterboxd.com/film/avatar-the-way-of-water/reviews/page/9/
2026-07-20 23:28:03,179 - INFO - 9페이지 분석: 요소 12개, 유효 12개, 별점 누락 0개, 날짜 누락 0개, 본문 누락 0개
2026-07-20 23:28:03,196 - INFO - 9페이지에서 12개 추가, 현재 총 114개입니다.
2026-07-20 23:28:07,348 - INFO - 10페이지 요청 1/4: https://letterboxd.com/film/avatar-the-way-of-water/reviews/page/10/
2026-07-20 23:28:07,661 - INFO - 10페이지 분석: 요소 12개, 유효 11개, 별점 누락 1개, 날짜 누락 0개, 본문 누락 0개
2026-07-20 23:28:07,677 - INFO - 10페이지에서 11개 추가, 현재 총 125개입니다.
2026-07-20 23:28:11,397 - INFO - 11페이지 요청 1/4: https://letterboxd.com/film/avatar-the-way-of-water/reviews/page/11/
2026-07-20 23:28:11,658 - INFO - 11페이지 분석: 요소 12개, 유효 12개, 별점 누락 0개, 날짜 누락 0개, 본문 누락 0개
2026-07-20 23:28:11,674 - INFO - 11페이지에서 11개 추가, 현재 총 136개입니다.
2026-07-20 23:28:14,501 - INFO - 12페이지 요청 1/4: https://letterboxd.com/film/avatar-the-way-of-water/reviews/page/12/
2026-07-20 23:28:14,781 - INFO - 12페이지 분석: 요소 12개, 유효 12개, 별점 누락 0개, 날짜 누락 0개, 본문 누락 0개
2026-07-20 23:28:14,799 - INFO - 12페이지에서 12개 추가, 현재 총 148개입니다.
2026-07-20 23:28:18,597 - INFO - 13페이지 요청 1/4: https://letterboxd.com/film/avatar-the-way-of-water/reviews/page/13/
2026-07-20 23:28:18,898 - INFO - 13페이지 분석: 요소 12개, 유효 12개, 별점 누락 0개, 날짜 누락 0개, 본문 누락 0개
2026-07-20 23:28:18,914 - INFO - 13페이지에서 12개 추가, 현재 총 160개입니다.
2026-07-20 23:28:21,675 - INFO - 14페이지 요청 1/4: https://letterboxd.com/film/avatar-the-way-of-water/reviews/page/14/
2026-07-20 23:28:21,933 - INFO - 14페이지 분석: 요소 12개, 유효 11개, 별점 누락 1개, 날짜 누락 0개, 본문 누락 0개
2026-07-20 23:28:21,949 - INFO - 14페이지에서 11개 추가, 현재 총 171개입니다.
2026-07-20 23:28:24,729 - INFO - 15페이지 요청 1/4: https://letterboxd.com/film/avatar-the-way-of-water/reviews/page/15/
2026-07-20 23:28:25,001 - INFO - 15페이지 분석: 요소 12개, 유효 12개, 별점 누락 0개, 날짜 누락 0개, 본문 누락 0개
2026-07-20 23:28:25,019 - INFO - 15페이지에서 12개 추가, 현재 총 183개입니다.
2026-07-20 23:28:27,733 - INFO - 16페이지 요청 1/4: https://letterboxd.com/film/avatar-the-way-of-water/reviews/page/16/
2026-07-20 23:28:28,002 - INFO - 16페이지 분석: 요소 12개, 유효 12개, 별점 누락 0개, 날짜 누락 0개, 본문 누락 0개
2026-07-20 23:28:28,019 - INFO - 16페이지에서 12개 추가, 현재 총 195개입니다.
2026-07-20 23:28:32,218 - INFO - 17페이지 요청 1/4: https://letterboxd.com/film/avatar-the-way-of-water/reviews/page/17/
2026-07-20 23:28:32,508 - INFO - 17페이지 분석: 요소 12개, 유효 12개, 별점 누락 0개, 날짜 누락 0개, 본문 누락 0개
2026-07-20 23:28:32,525 - INFO - 17페이지에서 12개 추가, 현재 총 207개입니다.
2026-07-20 23:28:36,621 - INFO - 18페이지 요청 1/4: https://letterboxd.com/film/avatar-the-way-of-water/reviews/page/18/
2026-07-20 23:28:36,901 - INFO - 18페이지 분석: 요소 12개, 유효 12개, 별점 누락 0개, 날짜 누락 0개, 본문 누락 0개
2026-07-20 23:28:36,919 - INFO - 18페이지에서 12개 추가, 현재 총 219개입니다.
2026-07-20 23:28:41,420 - INFO - 19페이지 요청 1/4: https://letterboxd.com/film/avatar-the-way-of-water/reviews/page/19/
2026-07-20 23:28:41,743 - INFO - 19페이지 분석: 요소 12개, 유효 11개, 별점 누락 1개, 날짜 누락 0개, 본문 누락 0개
2026-07-20 23:28:41,759 - INFO - 19페이지에서 11개 추가, 현재 총 230개입니다.
2026-07-20 23:28:45,893 - INFO - 20페이지 요청 1/4: https://letterboxd.com/film/avatar-the-way-of-water/reviews/page/20/
2026-07-20 23:28:46,161 - INFO - 20페이지 분석: 요소 12개, 유효 12개, 별점 누락 0개, 날짜 누락 0개, 본문 누락 0개
2026-07-20 23:28:46,177 - INFO - 20페이지에서 11개 추가, 현재 총 241개입니다.
2026-07-20 23:28:49,737 - INFO - 21페이지 요청 1/4: https://letterboxd.com/film/avatar-the-way-of-water/reviews/page/21/
2026-07-20 23:28:49,997 - INFO - 21페이지 분석: 요소 12개, 유효 12개, 별점 누락 0개, 날짜 누락 0개, 본문 누락 0개
2026-07-20 23:28:50,016 - INFO - 21페이지에서 12개 추가, 현재 총 253개입니다.
2026-07-20 23:28:53,738 - INFO - 22페이지 요청 1/4: https://letterboxd.com/film/avatar-the-way-of-water/reviews/page/22/
2026-07-20 23:28:54,027 - INFO - 22페이지 분석: 요소 12개, 유효 12개, 별점 누락 0개, 날짜 누락 0개, 본문 누락 0개
2026-07-20 23:28:54,044 - INFO - 22페이지에서 12개 추가, 현재 총 265개입니다.
2026-07-20 23:28:57,410 - INFO - 23페이지 요청 1/4: https://letterboxd.com/film/avatar-the-way-of-water/reviews/page/23/
2026-07-20 23:28:57,683 - INFO - 23페이지 분석: 요소 12개, 유효 12개, 별점 누락 0개, 날짜 누락 0개, 본문 누락 0개
2026-07-20 23:28:57,720 - INFO - 23페이지에서 11개 추가, 현재 총 276개입니다.
2026-07-20 23:29:01,783 - INFO - 24페이지 요청 1/4: https://letterboxd.com/film/avatar-the-way-of-water/reviews/page/24/
2026-07-20 23:29:02,049 - INFO - 24페이지 분석: 요소 12개, 유효 12개, 별점 누락 0개, 날짜 누락 0개, 본문 누락 0개
2026-07-20 23:29:02,066 - INFO - 24페이지에서 12개 추가, 현재 총 288개입니다.
2026-07-20 23:29:06,297 - INFO - 25페이지 요청 1/4: https://letterboxd.com/film/avatar-the-way-of-water/reviews/page/25/
2026-07-20 23:29:06,595 - INFO - 25페이지 분석: 요소 12개, 유효 12개, 별점 누락 0개, 날짜 누락 0개, 본문 누락 0개
2026-07-20 23:29:06,611 - INFO - 25페이지에서 12개 추가, 현재 총 300개입니다.
2026-07-20 23:29:09,616 - INFO - 26페이지 요청 1/4: https://letterboxd.com/film/avatar-the-way-of-water/reviews/page/26/
2026-07-20 23:29:09,906 - INFO - 26페이지 분석: 요소 12개, 유효 11개, 별점 누락 1개, 날짜 누락 0개, 본문 누락 0개
2026-07-20 23:29:09,924 - INFO - 26페이지에서 10개 추가, 현재 총 310개입니다.
2026-07-20 23:29:13,387 - INFO - 27페이지 요청 1/4: https://letterboxd.com/film/avatar-the-way-of-water/reviews/page/27/
2026-07-20 23:29:13,724 - INFO - 27페이지 분석: 요소 12개, 유효 12개, 별점 누락 0개, 날짜 누락 0개, 본문 누락 0개
2026-07-20 23:29:13,740 - INFO - 27페이지에서 11개 추가, 현재 총 321개입니다.
2026-07-20 23:29:18,111 - INFO - 28페이지 요청 1/4: https://letterboxd.com/film/avatar-the-way-of-water/reviews/page/28/
2026-07-20 23:29:18,442 - INFO - 28페이지 분석: 요소 12개, 유효 12개, 별점 누락 0개, 날짜 누락 0개, 본문 누락 0개
2026-07-20 23:29:18,459 - INFO - 28페이지에서 12개 추가, 현재 총 333개입니다.
2026-07-20 23:29:21,624 - INFO - 29페이지 요청 1/4: https://letterboxd.com/film/avatar-the-way-of-water/reviews/page/29/
2026-07-20 23:29:21,897 - INFO - 29페이지 분석: 요소 12개, 유효 12개, 별점 누락 0개, 날짜 누락 0개, 본문 누락 0개
2026-07-20 23:29:21,915 - INFO - 29페이지에서 12개 추가, 현재 총 345개입니다.
2026-07-20 23:29:25,705 - INFO - 30페이지 요청 1/4: https://letterboxd.com/film/avatar-the-way-of-water/reviews/page/30/
2026-07-20 23:29:25,997 - INFO - 30페이지 분석: 요소 12개, 유효 12개, 별점 누락 0개, 날짜 누락 0개, 본문 누락 0개
2026-07-20 23:29:26,013 - INFO - 30페이지에서 12개 추가, 현재 총 357개입니다.
2026-07-20 23:29:29,153 - INFO - 31페이지 요청 1/4: https://letterboxd.com/film/avatar-the-way-of-water/reviews/page/31/
2026-07-20 23:29:29,453 - INFO - 31페이지 분석: 요소 12개, 유효 12개, 별점 누락 0개, 날짜 누락 0개, 본문 누락 0개
2026-07-20 23:29:29,469 - INFO - 31페이지에서 12개 추가, 현재 총 369개입니다.
2026-07-20 23:29:33,561 - INFO - 32페이지 요청 1/4: https://letterboxd.com/film/avatar-the-way-of-water/reviews/page/32/
2026-07-20 23:29:33,868 - INFO - 32페이지 분석: 요소 12개, 유효 12개, 별점 누락 0개, 날짜 누락 0개, 본문 누락 0개
2026-07-20 23:29:33,886 - INFO - 32페이지에서 12개 추가, 현재 총 381개입니다.
2026-07-20 23:29:37,942 - INFO - 33페이지 요청 1/4: https://letterboxd.com/film/avatar-the-way-of-water/reviews/page/33/
2026-07-20 23:29:38,188 - INFO - 33페이지 분석: 요소 12개, 유효 11개, 별점 누락 1개, 날짜 누락 0개, 본문 누락 0개
2026-07-20 23:29:38,204 - INFO - 33페이지에서 11개 추가, 현재 총 392개입니다.
2026-07-20 23:29:42,592 - INFO - 34페이지 요청 1/4: https://letterboxd.com/film/avatar-the-way-of-water/reviews/page/34/
2026-07-20 23:29:42,876 - INFO - 34페이지 분석: 요소 12개, 유효 12개, 별점 누락 0개, 날짜 누락 0개, 본문 누락 0개
2026-07-20 23:29:42,892 - INFO - 34페이지에서 12개 추가, 현재 총 404개입니다.
2026-07-20 23:29:46,557 - INFO - 35페이지 요청 1/4: https://letterboxd.com/film/avatar-the-way-of-water/reviews/page/35/
2026-07-20 23:29:46,819 - INFO - 35페이지 분석: 요소 12개, 유효 12개, 별점 누락 0개, 날짜 누락 0개, 본문 누락 0개
2026-07-20 23:29:46,837 - INFO - 35페이지에서 12개 추가, 현재 총 416개입니다.
2026-07-20 23:29:50,166 - INFO - 36페이지 요청 1/4: https://letterboxd.com/film/avatar-the-way-of-water/reviews/page/36/
2026-07-20 23:29:50,431 - INFO - 36페이지 분석: 요소 12개, 유효 11개, 별점 누락 1개, 날짜 누락 0개, 본문 누락 0개
2026-07-20 23:29:50,446 - INFO - 36페이지에서 11개 추가, 현재 총 427개입니다.
2026-07-20 23:29:53,839 - INFO - 37페이지 요청 1/4: https://letterboxd.com/film/avatar-the-way-of-water/reviews/page/37/
2026-07-20 23:29:54,126 - INFO - 37페이지 분석: 요소 12개, 유효 12개, 별점 누락 0개, 날짜 누락 0개, 본문 누락 0개
2026-07-20 23:29:54,142 - INFO - 37페이지에서 12개 추가, 현재 총 439개입니다.
2026-07-20 23:29:57,043 - INFO - 38페이지 요청 1/4: https://letterboxd.com/film/avatar-the-way-of-water/reviews/page/38/
2026-07-20 23:29:57,324 - INFO - 38페이지 분석: 요소 12개, 유효 12개, 별점 누락 0개, 날짜 누락 0개, 본문 누락 0개
2026-07-20 23:29:57,341 - INFO - 38페이지에서 12개 추가, 현재 총 451개입니다.
2026-07-20 23:29:59,929 - INFO - 39페이지 요청 1/4: https://letterboxd.com/film/avatar-the-way-of-water/reviews/page/39/
2026-07-20 23:30:00,198 - INFO - 39페이지 분석: 요소 12개, 유효 12개, 별점 누락 0개, 날짜 누락 0개, 본문 누락 0개
2026-07-20 23:30:00,215 - INFO - 39페이지에서 12개 추가, 현재 총 463개입니다.
2026-07-20 23:30:03,981 - INFO - 40페이지 요청 1/4: https://letterboxd.com/film/avatar-the-way-of-water/reviews/page/40/
2026-07-20 23:30:04,271 - INFO - 40페이지 분석: 요소 12개, 유효 12개, 별점 누락 0개, 날짜 누락 0개, 본문 누락 0개
2026-07-20 23:30:04,309 - INFO - 40페이지에서 12개 추가, 현재 총 475개입니다.
2026-07-20 23:30:08,551 - INFO - 41페이지 요청 1/4: https://letterboxd.com/film/avatar-the-way-of-water/reviews/page/41/
2026-07-20 23:30:08,825 - INFO - 41페이지 분석: 요소 12개, 유효 12개, 별점 누락 0개, 날짜 누락 0개, 본문 누락 0개
2026-07-20 23:30:08,842 - INFO - 41페이지에서 11개 추가, 현재 총 486개입니다.
2026-07-20 23:30:11,797 - INFO - 42페이지 요청 1/4: https://letterboxd.com/film/avatar-the-way-of-water/reviews/page/42/
2026-07-20 23:30:12,137 - INFO - 42페이지 분석: 요소 12개, 유효 12개, 별점 누락 0개, 날짜 누락 0개, 본문 누락 0개
2026-07-20 23:30:12,152 - INFO - 42페이지에서 12개 추가, 현재 총 498개입니다.
2026-07-20 23:30:16,306 - INFO - 43페이지 요청 1/4: https://letterboxd.com/film/avatar-the-way-of-water/reviews/page/43/
2026-07-20 23:30:16,638 - INFO - 43페이지 분석: 요소 12개, 유효 11개, 별점 누락 1개, 날짜 누락 0개, 본문 누락 0개
2026-07-20 23:30:16,656 - INFO - 43페이지에서 2개 추가, 현재 총 500개입니다.
2026-07-20 23:30:16,658 - INFO - 목표 리뷰 수 500개를 수집했습니다.
2026-07-20 23:30:16,661 - INFO - 500개의 리뷰를 저장했습니다: database/reviews_letterboxd.csv
